


ARM Macro Assembler    Page 1 


    1 00000000         ;/******************************************************
                       ********************//**
    2 00000000         ; * @file     startup_STAR.s
    3 00000000         ; * @brief    CMSIS Core Device Startup File for
    4 00000000         ; *           ArmChina STAR Device
    5 00000000         ; * @version  V1.0.0
    6 00000000         ; * @date     27. June 2020
    7 00000000         ; ******************************************************
                       ************************/
    8 00000000         ;/*
    9 00000000         ; * Copyright (c) 2009-2018 Arm Limited. 
   10 00000000         ; * Copyright (c) 2018-2020 ArmChina. 
   11 00000000         ; * All rights reserved.
   12 00000000         ; *
   13 00000000         ; * SPDX-License-Identifier: Apache-2.0
   14 00000000         ; *
   15 00000000         ; * Licensed under the Apache License, Version 2.0 (the 
                       License); you may
   16 00000000         ; * not use this file except in compliance with the Lice
                       nse.
   17 00000000         ; * You may obtain a copy of the License at
   18 00000000         ; *
   19 00000000         ; * www.apache.org/licenses/LICENSE-2.0
   20 00000000         ; *
   21 00000000         ; * Unless required by applicable law or agreed to in wr
                       iting, software
   22 00000000         ; * distributed under the License is distributed on an A
                       S IS BASIS, WITHOUT
   23 00000000         ; * WARRANTIES OR CONDITIONS OF ANY KIND, either express
                        or implied.
   24 00000000         ; * See the License for the specific language governing 
                       permissions and
   25 00000000         ; * limitations under the License.
   26 00000000         ; */
   27 00000000         
   28 00000000         ;//-------- <<< Use Configuration Wizard in Context Menu
                        >>> ------------------
   29 00000000         
   30 00000000         
   31 00000000         ;<h> Stack Configuration
   32 00000000         ;  <o> Stack Size (in Bytes) <0x0-0xFFFFFFFF:8>
   33 00000000         ;</h>
   34 00000000         
   35 00000000 00000400 
                       Stack_Size
                               EQU              0x00000400
   36 00000000         
   37 00000000                 AREA             STACK, NOINIT, READWRITE, ALIGN
=3
   38 00000000         __stack_limit
   39 00000000         Stack_Mem
                               SPACE            Stack_Size
   40 00000400         __initial_sp
   41 00000400         
   42 00000400         
   43 00000400         ;<h> Heap Configuration
   44 00000400         ;  <o> Heap Size (in Bytes) <0x0-0xFFFFFFFF:8>
   45 00000400         ;</h>
   46 00000400         



ARM Macro Assembler    Page 2 


   47 00000400 00000C00 
                       Heap_Size
                               EQU              0x00000C00
   48 00000400         
   49 00000400                 IF               Heap_Size != 0 
                                                            ; Heap is provided
   50 00000400                 AREA             HEAP, NOINIT, READWRITE, ALIGN=
3
   51 00000000         __heap_base
   52 00000000         Heap_Mem
                               SPACE            Heap_Size
   53 00000C00         __heap_limit
   54 00000C00                 ENDIF
   55 00000C00         
   56 00000C00         
   57 00000C00                 PRESERVE8
   58 00000C00                 THUMB
   59 00000C00         
   60 00000C00         
   61 00000C00         ; Vector Table Mapped to Address 0 at Reset
   62 00000C00         
   63 00000C00                 AREA             RESET, DATA, READONLY
   64 00000000                 EXPORT           __Vectors
   65 00000000                 EXPORT           __Vectors_End
   66 00000000                 EXPORT           __Vectors_Size
   67 00000000         
   68 00000000 00000000 
                       __Vectors
                               DCD              __initial_sp ;     Top of Stack
                                                            
   69 00000004 00000000        DCD              Reset_Handler 
                                                            ;     Reset Handler
                                                            
   70 00000008 00000000        DCD              NMI_Handler ; -14 NMI Handler
   71 0000000C 00000000        DCD              HardFault_Handler ; -13 Hard Fa
                                                            ult Handler
   72 00000010 00000000        DCD              MemManage_Handler ; -12 MPU Fau
                                                            lt Handler
   73 00000014 00000000        DCD              BusFault_Handler ; -11 Bus Faul
                                                            t Handler
   74 00000018 00000000        DCD              UsageFault_Handler ; -10 Usage 
                                                            Fault Handler
   75 0000001C 00000000        DCD              SecureFault_Handler ;  -9 Secur
                                                            e Fault Handler
   76 00000020 00000000        DCD              0           ;     Reserved
   77 00000024 00000000        DCD              0           ;     Reserved
   78 00000028 00000000        DCD              0           ;     Reserved
   79 0000002C 00000000        DCD              SVC_Handler ;  -5 SVCall Handle
                                                            r
   80 00000030 00000000        DCD              DebugMon_Handler ;  -4 Debug Mo
                                                            nitor Handler
   81 00000034 00000000        DCD              0           ;     Reserved
   82 00000038 00000000        DCD              PendSV_Handler ;  -2 PendSV Han
                                                            dler
   83 0000003C 00000000        DCD              SysTick_Handler ;  -1 SysTick H
                                                            andler
   84 00000040         
   85 00000040         ; Interrupts
   86 00000040 00000000        DCD              Interrupt0_Handler 



ARM Macro Assembler    Page 3 


                                                            ;   0 Interrupt 0
   87 00000044 00000000        DCD              Interrupt1_Handler 
                                                            ;   1 Interrupt 1
   88 00000048 00000000        DCD              Interrupt2_Handler 
                                                            ;   2 Interrupt 2
   89 0000004C 00000000        DCD              Interrupt3_Handler 
                                                            ;   3 Interrupt 3
   90 00000050 00000000        DCD              Interrupt4_Handler 
                                                            ;   4 Interrupt 4
   91 00000054 00000000        DCD              Interrupt5_Handler 
                                                            ;   5 Interrupt 5
   92 00000058 00000000        DCD              Interrupt6_Handler 
                                                            ;   6 Interrupt 6
   93 0000005C 00000000        DCD              Interrupt7_Handler 
                                                            ;   7 Interrupt 7
   94 00000060 00000000        DCD              Interrupt8_Handler 
                                                            ;   8 Interrupt 8
   95 00000064 00000000        DCD              Interrupt9_Handler 
                                                            ;   9 Interrupt 9
   96 00000068         
   97 00000068 00 00 00 
              00 00 00 
              00 00 00 
              00 00 00 
              00 00 00 
              00 00 00 
              00 00 00 
              00 00 00 
              00 00 00 
              00 00 00 
              00 00 00 
              00 00 00 
              00 00 00 
              00 00 00 
              00 00 00 
              00 00 00 
              00 00 00 
              00 00 00 
              00 00 00 
              00 00 00 
              00 00 00 
              00 00 00 
              00 00 00 
              00 00 00 
              00 00 00 
              00 00 00 
              00 00 00 
              00 00 00 
              00 00 00 
              00 00 00 
              00 00 00 
              00 00 00 
              00 00 00 
              00 00 00 
              00 00 00 
              00 00 00 
              00 00 00 
              00 00 00 
              00 00 00 



ARM Macro Assembler    Page 4 


              00 00 00 
              00 00 00 
              00 00 00 
              00 00 00 
              00 00 00 
              00 00 00 
              00 00 00 
              00 00 00 
              00 00 00 
              00 00 00 
              00 00 00 
              00 00 00 
              00 00 00 
              00 00 00 
              00 00 00 
              00 00 00 
              00 00 00 
              00 00 00 
              00 00 00 
              00 00 00 
              00 00 00 
              00 00 00 
              00 00 00 
              00 00 00 
              00 00 00 
              00 00 00 
              00 00 00 
              00 00 00 
              00 00 00 
              00 00 00 
              00 00 00 
              00 00 00 
              00 00 00 
              00 00 00 
              00 00 00 
              00 00 00 
              00 00 00 
              00 00 00 
              00 00 00 
              00 00 00 
              00 00 00 
              00 00 00 
              00 00 00 
              00 00 00 
              00 00 00 
              00 00 00 
              00 00 00 
              00 00 00 
              00 00 00 
              00 00 00 
              00 00 00 
              00 00 00 
              00 00 00 
              00 00 00 
              00 00 00 
              00 00 00 
              00 00 00 
              00 00 00 
              00 00 00 



ARM Macro Assembler    Page 5 


              00 00 00 
              00 00 00 
              00 00 00 
              00 00 00 
              00 00 00 
              00 00 00 
              00 00 00 
              00 00 00 
              00 00 00 
              00 00 00 
              00 00 00 
              00 00 00 
              00 00 00 
              00 00 00 
              00 00 00 
              00 00 00 
              00 00 00 
              00 00 00 
              00 00 00 
              00 00 00 
              00 00 00 
              00 00 00 
              00 00 00 
              00 00 00 
              00 00 00 
              00 00 00 
              00 00 00 
              00 00 00 
              00 00 00 
              00 00 00 
              00 00 00 
              00 00 00 
              00 00 00 
              00 00 00 
              00 00 00 
              00 00 00 
              00 00 00 
              00 00 00 
              00 00 00 
              00 00 00 
              00 00 00 
              00 00 00 
              00 00 00 
              00 00 00 
              00 00 00 
              00 00 00 
              00 00 00 
              00 00 00 
              00 00 00 
              00 00 00 
              00 00 00 
              00 00 00 
              00 00 00 
              00 00 00 
              00 00 00 
              00 00 00 
              00 00 00 
              00 00 00 
              00 00 00 



ARM Macro Assembler    Page 6 


              00 00 00 
              00 00 00 
              00 00 00 
              00 00 00 
              00 00 00 
              00 00 00 
              00 00 00 
              00 00 00 
              00 00 00 
              00 00 00 
              00 00 00 
              00 00 00 
              00 00 00 
              00 00 00 
              00 00 00 
              00 00 00 
              00 00 00 
              00 00 00 
              00 00 00 
              00 00 00 
              00 00 00 
              00 00 00 
              00 00 00 
              00 00 00 
              00 00 00 
              00 00 00 
              00 00 00 
              00 00 00 
              00 00 00 
              00 00 00 
              00 00 00 
              00 00 00 
              00 00 00 
              00 00 00 
              00 00 00 
              00 00 00 
              00 00 00 
              00 00 00 
              00 00 00 
              00 00 00 
              00 00 00 
              00 00 00 
              00 00 00 
              00 00 00 
              00 00 00 
              00 00 00 
              00 00 00 
              00 00 00 
              00 00 00 
              00 00 00 
              00 00 00 
              00 00 00 
              00 00 00 
              00 00 00 
              00 00 00 
              00 00 00 
              00 00 00 
              00 00 00 
              00 00 00 



ARM Macro Assembler    Page 7 


              00 00 00 
              00 00 00 
              00 00 00 
              00 00 00 
              00 00 00 
              00 00 00 
              00 00 00 
              00 00 00 
              00 00 00 
              00 00 00 
              00 00 00 
              00 00 00 
              00 00 00 
              00 00 00 
              00 00 00 
              00 00 00 
              00 00 00 
              00 00 00 
              00 00 00 
              00 00 00 
              00 00 00 
              00 00 00 
              00 00 00 
              00 00 00 
              00 00 00 
              00 00 00 
              00 00 00 
              00 00 00 
              00 00 00 
              00 00 00 
              00 00 00 
              00 00 00 
              00 00 00 
              00 00 00 
              00 00 00 
              00 00 00 
              00 00 00 
              00 00 00 
              00 00 00 
              00 00 00 
              00 00 00 
              00 00 00 
              00 00 00 
              00 00 00 
              00 00 00 
              00 00 00 
              00 00 00 
              00 00 00 
              00 00 00 
              00 00 00 
              00 00 00 
              00 00 00 
              00 00 00 
              00 00 00 
              00 00 00 
              00 00 00 
              00 00 00 
              00 00 00 
              00 00 00 



ARM Macro Assembler    Page 8 


              00 00 00 
              00 00 00 
              00 00 00 
              00 00 00 
              00 00 00 
              00 00 00 
              00 00 00 
              00 00 00 
              00 00 00 
              00 00 00 
              00 00 00 
              00 00 00 
              00 00 00 
              00 00 00 
              00 00 00 
              00 00 00 
              00 00 00 
              00 00 00 
              00 00 00 
              00 00 00 
              00 00 00 
              00 00 00 
              00 00 00 
              00 00 00 
              00 00 00 
              00 00 00 
              00 00 00 
              00 00 00 
              00 00 00 
              00 00 00 
              00 00 00 
              00 00 00 
              00 00 00 
              00 00 00 
              00 00 00 
              00 00 00 
              00 00 00 
              00 00 00 
              00 00 00 
              00 00 00 
              00 00 00 
              00 00 00 
              00 00 00 
              00 00 00 
              00 00 00 
              00 00 00 
              00 00 00 
              00 00 00 
              00 00 00 
              00 00 00 
              00 00 00 
              00 00 00 
              00 00 00 
              00 00 00 
              00 00 00 
              00 00 00 
              00 00 00 
              00 00 00 
              00 00 00 



ARM Macro Assembler    Page 9 


              00 00 00 
              00 00 00 
              00 00 00 
              00 00 00 
              00 00 00 
              00 00 00 
              00 00 00 
              00 00 00 
              00 00 00 
              00 00 00 
              00 00 00 
              00 00 00 
              00 00 00 
              00 00 00 
              00 00 00 
              00 00 00 
              00 00 00 
              00 00 00 
              00 00 00 
              00 00 00 
              00 00 00 
              00 00 00 
              00 00 00 
              00 00 00 
              00 00 00 
              00 00 00 
              00 00 00 
              00 00 00 
              00 00 00 
              00 00 00 
              00 00 00 
              00 00 00 
              00 00 00 
              00 00 00 
              00 00 00 
              00 00 00 
              00 00 00 
              00 00 00 
              00 00 00 
              00 00 00 
              00 00 00 
              00 00 00 
              00 00 00 
              00 00 00 
              00 00 00 
              00 00 00 
              00 00 00 
              00 00 00 
              00 00 00 
              00 00 00 
              00 00 00 
              00 00 00 
              00 00 00 
              00 00 00 
              00 00 00 
              00 00 00 
              00 00 00 
              00 00 00 
              00 00 00 



ARM Macro Assembler    Page 10 


              00 00 00 
              00 00 00 
              00 00 00 
              00 00 00 
              00 00 00 
              00 00 00 
              00 00 00 
              00 00 00 
              00 00 00 
              00 00 00 
              00 00 00 
              00 00 00 
              00 00 00 
              00 00 00 
              00 00 00 
              00 00 00 
              00 00 00 
              00 00 00 
              00 00 00 
              00 00 00 
              00 00 00 
              00 00 00 
              00 00 00 
              00 00 00 
              00 00 00 
              00 00 00 
              00 00 00 
              00 00 00 
              00 00 00 
              00 00 00 
              00 00 00 
              00 00 00 
              00 00 00 
              00 00 00 
              00 00 00 
              00 00 00 
              00 00 00 
              00 00 00 
              00 00 00 
              00 00 00 
              00 00 00 
              00 00 00 
              00 00 00 
              00 00 00 
              00 00 00 
              00 00 00 
              00 00 00 
              00 00 00 
              00 00 00 
              00 00 00 
              00 00 00 
              00 00 00 
              00 00 00 
              00 00 00 
              00 00 00 
              00 00 00 
              00 00 00 
              00 00 00 
              00 00 00 



ARM Macro Assembler    Page 11 


              00 00 00 
              00 00 00 
              00 00 00 
              00 00 00 
              00 00 00 
              00 00 00 
              00 00 00 
              00 00 00 
              00 00 00 
              00 00 00 
              00 00 00 
              00 00 00 
              00 00 00 
              00 00 00 
              00 00 00 
              00 00 00 
              00 00 00 
              00 00 00 
              00 00 00 
              00 00 00 
              00 00 00 
              00 00 00 
              00 00 00 
              00 00 00 
              00 00 00 
              00 00 00 
              00 00 00 
              00 00 00 
              00 00 00 
              00 00 00 
              00 00 00 
              00 00 00 
              00 00 00 
              00 00 00 
              00 00 00 
              00 00 00 
              00 00 00 
              00 00 00 
              00 00 00 
              00 00 00 
              00 00 00 
              00 00 00 
              00 00 00 
              00 00 00 
              00 00 00 
              00 00 00 
              00 00 00 
              00 00 00 
              00 00 00 
              00 00 00 
              00 00 00 
              00 00 00 
              00 00 00 
              00 00 00 
              00 00 00 
              00 00 00 
              00 00 00 
              00 00 00 
              00 00 00 



ARM Macro Assembler    Page 12 


              00 00 00 
              00 00 00 
              00 00 00 
              00 00 00 
              00 00 00 
              00 00 00 
              00 00 00 
              00 00 00 
              00 00 00 
              00 00 00 
              00 00 00 
              00 00 00 
              00 00 00 
              00 00 00 
              00 00 00 
              00 00 00 
              00 00 00 
              00 00 00 
              00 00 00 
              00 00 00 
              00 00 00 
              00 00 00 
              00 00 00 
              00 00 00 
              00 00 00 
              00 00 00 
              00 00 00 
              00 00 00 
              00 00 00 
              00 00 00 
              00 00 00 
              00 00 00 
              00 00 00 
              00 00 00 
              00 00 00 
              00 00 00 
              00 00 00 
              00 00 00 
              00 00 00 
              00 00 00 
              00 00 00 
              00 00 00 
              00 00 00 
              00 00 00 
              00 00 00 
              00 00 00 
              00 00 00 
              00 00 00 
              00 00 00 
              00 00 00 
              00 00 00 
              00 00 00 
              00 00 00 
              00 00 00 
              00 00 00 
              00 00 00 
              00 00 00 
              00 00 00 
              00 00 00 



ARM Macro Assembler    Page 13 


              00 00 00 
              00 00 00 
              00 00 00 
              00 00 00 
              00 00 00 
              00 00 00 
              00 00 00 
              00 00 00 
              00 00 00 
              00 00 00 
              00 00 00 
              00 00 00 
              00 00 00 
              00 00 00 
              00 00 00 
              00 00 00 
              00 00 00 
              00 00 00 
              00 00 00 
              00 00 00 
              00 00 00 
              00 00 00 
              00 00 00 
              00 00 00 
              00 00 00 
              00 00 00 
              00 00 00 
              00 00 00 
              00 00 00 
              00 00 00 
              00 00 00 
              00 00 00 
              00 00 00 
              00 00 00 
              00 00 00 
              00 00 00 
              00 00 00 
              00 00 00 
              00 00 00 
              00 00 00 
              00 00 00 
              00 00 00 
              00 00 00 
              00 00 00 
              00 00 00 
              00 00 00 
              00 00 00 
              00 00 00 
              00 00 00 
              00 00 00 
              00 00 00 
              00 00 00 
              00 00 00 
              00 00 00 
              00 00 00 
              00 00 00 
              00 00            SPACE            (470 * 4)   ; Interrupts 10 .. 
                                                            480 are left out
   98 000007C0         __Vectors_End



ARM Macro Assembler    Page 14 


   99 000007C0 000007C0 
                       __Vectors_Size
                               EQU              __Vectors_End - __Vectors
  100 000007C0         
  101 000007C0         
  102 000007C0                 AREA             |.text|, CODE, READONLY
  103 00000000         
  104 00000000         ; Reset Handler
  105 00000000         
  106 00000000         Reset_Handler
                               PROC
  107 00000000                 EXPORT           Reset_Handler             [WEAK
]
  108 00000000                 IMPORT           SystemInit
  109 00000000                 IMPORT           __main
  110 00000000         
  111 00000000 480D            LDR              R0, =__stack_limit
  112 00000002 F380 880A       MSR              MSPLIM, R0  ; Non-secure versio
                                                            n of MSPLIM is RAZ/
                                                            WI
  113 00000006         
  114 00000006 480D            LDR              R0, =SystemInit
  115 00000008 4780            BLX              R0
  116 0000000A 480D            LDR              R0, =__main
  117 0000000C 4700            BX               R0
  118 0000000E                 ENDP
  119 0000000E         
  120 0000000E         
  121 0000000E         ; Macro to define default exception/interrupt handlers.
  122 0000000E         ; Default handler are weak symbols with an endless loop.
                       
  123 0000000E         ; They can be overwritten by real handlers.
  124 0000000E                 MACRO
  125 0000000E                 Set_Default_Handler
                                                $Handler_Name
  126 0000000E         $Handler_Name
                               PROC
  127 0000000E                 EXPORT           $Handler_Name             [WEAK
]
  128 0000000E                 B                .
  129 0000000E                 ENDP
  130 0000000E                 MEND
  131 0000000E         
  132 0000000E         
  133 0000000E         ; Default exception/interrupt handler
  134 0000000E         
  135 0000000E                 Set_Default_Handler
                                                NMI_Handler
  126 0000000E         NMI_Handler
                               PROC
  127 0000000E                 EXPORT           NMI_Handler             [WEAK]
  128 0000000E E7FE            B                .
  129 00000010                 ENDP
  136 00000010                 Set_Default_Handler
                                                HardFault_Handler
  126 00000010         HardFault_Handler
                               PROC
  127 00000010                 EXPORT           HardFault_Handler             [
WEAK]



ARM Macro Assembler    Page 15 


  128 00000010 E7FE            B                .
  129 00000012                 ENDP
  137 00000012                 Set_Default_Handler
                                                MemManage_Handler
  126 00000012         MemManage_Handler
                               PROC
  127 00000012                 EXPORT           MemManage_Handler             [
WEAK]
  128 00000012 E7FE            B                .
  129 00000014                 ENDP
  138 00000014                 Set_Default_Handler
                                                BusFault_Handler
  126 00000014         BusFault_Handler
                               PROC
  127 00000014                 EXPORT           BusFault_Handler             [W
EAK]
  128 00000014 E7FE            B                .
  129 00000016                 ENDP
  139 00000016                 Set_Default_Handler
                                                UsageFault_Handler
  126 00000016         UsageFault_Handler
                               PROC
  127 00000016                 EXPORT           UsageFault_Handler             
[WEAK]
  128 00000016 E7FE            B                .
  129 00000018                 ENDP
  140 00000018                 Set_Default_Handler
                                                SecureFault_Handler
  126 00000018         SecureFault_Handler
                               PROC
  127 00000018                 EXPORT           SecureFault_Handler            
 [WEAK]
  128 00000018 E7FE            B                .
  129 0000001A                 ENDP
  141 0000001A                 Set_Default_Handler
                                                SVC_Handler
  126 0000001A         SVC_Handler
                               PROC
  127 0000001A                 EXPORT           SVC_Handler             [WEAK]
  128 0000001A E7FE            B                .
  129 0000001C                 ENDP
  142 0000001C                 Set_Default_Handler
                                                DebugMon_Handler
  126 0000001C         DebugMon_Handler
                               PROC
  127 0000001C                 EXPORT           DebugMon_Handler             [W
EAK]
  128 0000001C E7FE            B                .
  129 0000001E                 ENDP
  143 0000001E                 Set_Default_Handler
                                                PendSV_Handler
  126 0000001E         PendSV_Handler
                               PROC
  127 0000001E                 EXPORT           PendSV_Handler             [WEA
K]
  128 0000001E E7FE            B                .
  129 00000020                 ENDP
  144 00000020                 Set_Default_Handler
                                                SysTick_Handler



ARM Macro Assembler    Page 16 


  126 00000020         SysTick_Handler
                               PROC
  127 00000020                 EXPORT           SysTick_Handler             [WE
AK]
  128 00000020 E7FE            B                .
  129 00000022                 ENDP
  145 00000022         
  146 00000022                 Set_Default_Handler
                                                Interrupt0_Handler
  126 00000022         Interrupt0_Handler
                               PROC
  127 00000022                 EXPORT           Interrupt0_Handler             
[WEAK]
  128 00000022 E7FE            B                .
  129 00000024                 ENDP
  147 00000024                 Set_Default_Handler
                                                Interrupt1_Handler
  126 00000024         Interrupt1_Handler
                               PROC
  127 00000024                 EXPORT           Interrupt1_Handler             
[WEAK]
  128 00000024 E7FE            B                .
  129 00000026                 ENDP
  148 00000026                 Set_Default_Handler
                                                Interrupt2_Handler
  126 00000026         Interrupt2_Handler
                               PROC
  127 00000026                 EXPORT           Interrupt2_Handler             
[WEAK]
  128 00000026 E7FE            B                .
  129 00000028                 ENDP
  149 00000028                 Set_Default_Handler
                                                Interrupt3_Handler
  126 00000028         Interrupt3_Handler
                               PROC
  127 00000028                 EXPORT           Interrupt3_Handler             
[WEAK]
  128 00000028 E7FE            B                .
  129 0000002A                 ENDP
  150 0000002A                 Set_Default_Handler
                                                Interrupt4_Handler
  126 0000002A         Interrupt4_Handler
                               PROC
  127 0000002A                 EXPORT           Interrupt4_Handler             
[WEAK]
  128 0000002A E7FE            B                .
  129 0000002C                 ENDP
  151 0000002C                 Set_Default_Handler
                                                Interrupt5_Handler
  126 0000002C         Interrupt5_Handler
                               PROC
  127 0000002C                 EXPORT           Interrupt5_Handler             
[WEAK]
  128 0000002C E7FE            B                .
  129 0000002E                 ENDP
  152 0000002E                 Set_Default_Handler
                                                Interrupt6_Handler
  126 0000002E         Interrupt6_Handler
                               PROC



ARM Macro Assembler    Page 17 


  127 0000002E                 EXPORT           Interrupt6_Handler             
[WEAK]
  128 0000002E E7FE            B                .
  129 00000030                 ENDP
  153 00000030                 Set_Default_Handler
                                                Interrupt7_Handler
  126 00000030         Interrupt7_Handler
                               PROC
  127 00000030                 EXPORT           Interrupt7_Handler             
[WEAK]
  128 00000030 E7FE            B                .
  129 00000032                 ENDP
  154 00000032                 Set_Default_Handler
                                                Interrupt8_Handler
  126 00000032         Interrupt8_Handler
                               PROC
  127 00000032                 EXPORT           Interrupt8_Handler             
[WEAK]
  128 00000032 E7FE            B                .
  129 00000034                 ENDP
  155 00000034                 Set_Default_Handler
                                                Interrupt9_Handler
  126 00000034         Interrupt9_Handler
                               PROC
  127 00000034                 EXPORT           Interrupt9_Handler             
[WEAK]
  128 00000034 E7FE            B                .
  129 00000036                 ENDP
  156 00000036         
  157 00000036 00 00           ALIGN
  158 00000038         
  159 00000038         
  160 00000038         ; User setup Stack & Heap
  161 00000038         
  162 00000038                 IF               :LNOT::DEF:__MICROLIB
  163 00000038                 IMPORT           __use_two_region_memory
  164 00000038                 ENDIF
  165 00000038         
  166 00000038                 EXPORT           __stack_limit
  167 00000038                 EXPORT           __initial_sp
  168 00000038                 IF               Heap_Size != 0 
                                                            ; Heap is provided
  169 00000038                 EXPORT           __heap_base
  170 00000038                 EXPORT           __heap_limit
  171 00000038                 ENDIF
  172 00000038         
  173 00000038                 END
              00000000 
              00000000 
              00000000 
Command Line: --debug --xref --diag_suppress=9931 --cpu=Cortex-M33 --fpu=FPv5-S
P --depend=.\objects\startup_star.d -o.\objects\startup_star.o -I.\RTE\CMSIS_Dr
iver\STAR_CU -I.\RTE\_Target_1 -IC:\Users\cpussw01\AppData\Local\Arm\Packs\ARM\
CMSIS\5.7.0\CMSIS\Core\Include -IC:\Users\cpussw01\AppData\Local\Arm\Packs\ARM\
CMSIS\5.7.0\CMSIS\Driver\Include -IC:\Users\cpussw01\AppData\Local\Arm\Packs\Ar
mChina\STAR\1.2.0\Device\ArmChina\STAR\Include --predefine="__UVISION_VERSION S
ETA 529" --predefine="_RTE_ SETA 1" --predefine="STAR_CU SETA 1" --list=.\listi
ngs\startup_star.lst RTE\Device\STAR_CU\startup_STAR.s



ARM Macro Assembler    Page 1 Alphabetic symbol ordering
Relocatable symbols

STACK 00000000

Symbol: STACK
   Definitions
      At line 37 in file RTE\Device\STAR_CU\startup_STAR.s
   Uses
      None
Comment: STACK unused
Stack_Mem 00000000

Symbol: Stack_Mem
   Definitions
      At line 39 in file RTE\Device\STAR_CU\startup_STAR.s
   Uses
      None
Comment: Stack_Mem unused
__initial_sp 00000400

Symbol: __initial_sp
   Definitions
      At line 40 in file RTE\Device\STAR_CU\startup_STAR.s
   Uses
      At line 68 in file RTE\Device\STAR_CU\startup_STAR.s
      At line 167 in file RTE\Device\STAR_CU\startup_STAR.s

__stack_limit 00000000

Symbol: __stack_limit
   Definitions
      At line 38 in file RTE\Device\STAR_CU\startup_STAR.s
   Uses
      At line 111 in file RTE\Device\STAR_CU\startup_STAR.s
      At line 166 in file RTE\Device\STAR_CU\startup_STAR.s

4 symbols



ARM Macro Assembler    Page 1 Alphabetic symbol ordering
Relocatable symbols

HEAP 00000000

Symbol: HEAP
   Definitions
      At line 50 in file RTE\Device\STAR_CU\startup_STAR.s
   Uses
      None
Comment: HEAP unused
Heap_Mem 00000000

Symbol: Heap_Mem
   Definitions
      At line 52 in file RTE\Device\STAR_CU\startup_STAR.s
   Uses
      None
Comment: Heap_Mem unused
__heap_base 00000000

Symbol: __heap_base
   Definitions
      At line 51 in file RTE\Device\STAR_CU\startup_STAR.s
   Uses
      At line 169 in file RTE\Device\STAR_CU\startup_STAR.s
Comment: __heap_base used once
__heap_limit 00000C00

Symbol: __heap_limit
   Definitions
      At line 53 in file RTE\Device\STAR_CU\startup_STAR.s
   Uses
      At line 170 in file RTE\Device\STAR_CU\startup_STAR.s
Comment: __heap_limit used once
4 symbols



ARM Macro Assembler    Page 1 Alphabetic symbol ordering
Relocatable symbols

RESET 00000000

Symbol: RESET
   Definitions
      At line 63 in file RTE\Device\STAR_CU\startup_STAR.s
   Uses
      None
Comment: RESET unused
__Vectors 00000000

Symbol: __Vectors
   Definitions
      At line 68 in file RTE\Device\STAR_CU\startup_STAR.s
   Uses
      At line 64 in file RTE\Device\STAR_CU\startup_STAR.s
      At line 99 in file RTE\Device\STAR_CU\startup_STAR.s

__Vectors_End 000007C0

Symbol: __Vectors_End
   Definitions
      At line 98 in file RTE\Device\STAR_CU\startup_STAR.s
   Uses
      At line 65 in file RTE\Device\STAR_CU\startup_STAR.s
      At line 99 in file RTE\Device\STAR_CU\startup_STAR.s

3 symbols



ARM Macro Assembler    Page 1 Alphabetic symbol ordering
Relocatable symbols

.text 00000000

Symbol: .text
   Definitions
      At line 102 in file RTE\Device\STAR_CU\startup_STAR.s
   Uses
      None
Comment: .text unused
BusFault_Handler 00000014

Symbol: BusFault_Handler
   Definitions
      At line 126 in macro Set_Default_Handler
      at line 138 in file RTE\Device\STAR_CU\startup_STAR.s
   Uses
      At line 73 in file RTE\Device\STAR_CU\startup_STAR.s
      At line 127 in macro Set_Default_Handler
      at line 138 in file RTE\Device\STAR_CU\startup_STAR.s

DebugMon_Handler 0000001C

Symbol: DebugMon_Handler
   Definitions
      At line 126 in macro Set_Default_Handler
      at line 142 in file RTE\Device\STAR_CU\startup_STAR.s
   Uses
      At line 80 in file RTE\Device\STAR_CU\startup_STAR.s
      At line 127 in macro Set_Default_Handler
      at line 142 in file RTE\Device\STAR_CU\startup_STAR.s

HardFault_Handler 00000010

Symbol: HardFault_Handler
   Definitions
      At line 126 in macro Set_Default_Handler
      at line 136 in file RTE\Device\STAR_CU\startup_STAR.s
   Uses
      At line 71 in file RTE\Device\STAR_CU\startup_STAR.s
      At line 127 in macro Set_Default_Handler
      at line 136 in file RTE\Device\STAR_CU\startup_STAR.s

Interrupt0_Handler 00000022

Symbol: Interrupt0_Handler
   Definitions
      At line 126 in macro Set_Default_Handler
      at line 146 in file RTE\Device\STAR_CU\startup_STAR.s
   Uses
      At line 86 in file RTE\Device\STAR_CU\startup_STAR.s
      At line 127 in macro Set_Default_Handler
      at line 146 in file RTE\Device\STAR_CU\startup_STAR.s

Interrupt1_Handler 00000024

Symbol: Interrupt1_Handler
   Definitions
      At line 126 in macro Set_Default_Handler
      at line 147 in file RTE\Device\STAR_CU\startup_STAR.s
   Uses



ARM Macro Assembler    Page 2 Alphabetic symbol ordering
Relocatable symbols

      At line 87 in file RTE\Device\STAR_CU\startup_STAR.s
      At line 127 in macro Set_Default_Handler
      at line 147 in file RTE\Device\STAR_CU\startup_STAR.s

Interrupt2_Handler 00000026

Symbol: Interrupt2_Handler
   Definitions
      At line 126 in macro Set_Default_Handler
      at line 148 in file RTE\Device\STAR_CU\startup_STAR.s
   Uses
      At line 88 in file RTE\Device\STAR_CU\startup_STAR.s
      At line 127 in macro Set_Default_Handler
      at line 148 in file RTE\Device\STAR_CU\startup_STAR.s

Interrupt3_Handler 00000028

Symbol: Interrupt3_Handler
   Definitions
      At line 126 in macro Set_Default_Handler
      at line 149 in file RTE\Device\STAR_CU\startup_STAR.s
   Uses
      At line 89 in file RTE\Device\STAR_CU\startup_STAR.s
      At line 127 in macro Set_Default_Handler
      at line 149 in file RTE\Device\STAR_CU\startup_STAR.s

Interrupt4_Handler 0000002A

Symbol: Interrupt4_Handler
   Definitions
      At line 126 in macro Set_Default_Handler
      at line 150 in file RTE\Device\STAR_CU\startup_STAR.s
   Uses
      At line 90 in file RTE\Device\STAR_CU\startup_STAR.s
      At line 127 in macro Set_Default_Handler
      at line 150 in file RTE\Device\STAR_CU\startup_STAR.s

Interrupt5_Handler 0000002C

Symbol: Interrupt5_Handler
   Definitions
      At line 126 in macro Set_Default_Handler
      at line 151 in file RTE\Device\STAR_CU\startup_STAR.s
   Uses
      At line 91 in file RTE\Device\STAR_CU\startup_STAR.s
      At line 127 in macro Set_Default_Handler
      at line 151 in file RTE\Device\STAR_CU\startup_STAR.s

Interrupt6_Handler 0000002E

Symbol: Interrupt6_Handler
   Definitions
      At line 126 in macro Set_Default_Handler
      at line 152 in file RTE\Device\STAR_CU\startup_STAR.s
   Uses
      At line 92 in file RTE\Device\STAR_CU\startup_STAR.s
      At line 127 in macro Set_Default_Handler
      at line 152 in file RTE\Device\STAR_CU\startup_STAR.s




ARM Macro Assembler    Page 3 Alphabetic symbol ordering
Relocatable symbols

Interrupt7_Handler 00000030

Symbol: Interrupt7_Handler
   Definitions
      At line 126 in macro Set_Default_Handler
      at line 153 in file RTE\Device\STAR_CU\startup_STAR.s
   Uses
      At line 93 in file RTE\Device\STAR_CU\startup_STAR.s
      At line 127 in macro Set_Default_Handler
      at line 153 in file RTE\Device\STAR_CU\startup_STAR.s

Interrupt8_Handler 00000032

Symbol: Interrupt8_Handler
   Definitions
      At line 126 in macro Set_Default_Handler
      at line 154 in file RTE\Device\STAR_CU\startup_STAR.s
   Uses
      At line 94 in file RTE\Device\STAR_CU\startup_STAR.s
      At line 127 in macro Set_Default_Handler
      at line 154 in file RTE\Device\STAR_CU\startup_STAR.s

Interrupt9_Handler 00000034

Symbol: Interrupt9_Handler
   Definitions
      At line 126 in macro Set_Default_Handler
      at line 155 in file RTE\Device\STAR_CU\startup_STAR.s
   Uses
      At line 95 in file RTE\Device\STAR_CU\startup_STAR.s
      At line 127 in macro Set_Default_Handler
      at line 155 in file RTE\Device\STAR_CU\startup_STAR.s

MemManage_Handler 00000012

Symbol: MemManage_Handler
   Definitions
      At line 126 in macro Set_Default_Handler
      at line 137 in file RTE\Device\STAR_CU\startup_STAR.s
   Uses
      At line 72 in file RTE\Device\STAR_CU\startup_STAR.s
      At line 127 in macro Set_Default_Handler
      at line 137 in file RTE\Device\STAR_CU\startup_STAR.s

NMI_Handler 0000000E

Symbol: NMI_Handler
   Definitions
      At line 126 in macro Set_Default_Handler
      at line 135 in file RTE\Device\STAR_CU\startup_STAR.s
   Uses
      At line 70 in file RTE\Device\STAR_CU\startup_STAR.s
      At line 127 in macro Set_Default_Handler
      at line 135 in file RTE\Device\STAR_CU\startup_STAR.s

PendSV_Handler 0000001E

Symbol: PendSV_Handler
   Definitions



ARM Macro Assembler    Page 4 Alphabetic symbol ordering
Relocatable symbols

      At line 126 in macro Set_Default_Handler
      at line 143 in file RTE\Device\STAR_CU\startup_STAR.s
   Uses
      At line 82 in file RTE\Device\STAR_CU\startup_STAR.s
      At line 127 in macro Set_Default_Handler
      at line 143 in file RTE\Device\STAR_CU\startup_STAR.s

Reset_Handler 00000000

Symbol: Reset_Handler
   Definitions
      At line 106 in file RTE\Device\STAR_CU\startup_STAR.s
   Uses
      At line 69 in file RTE\Device\STAR_CU\startup_STAR.s
      At line 107 in file RTE\Device\STAR_CU\startup_STAR.s

SVC_Handler 0000001A

Symbol: SVC_Handler
   Definitions
      At line 126 in macro Set_Default_Handler
      at line 141 in file RTE\Device\STAR_CU\startup_STAR.s
   Uses
      At line 79 in file RTE\Device\STAR_CU\startup_STAR.s
      At line 127 in macro Set_Default_Handler
      at line 141 in file RTE\Device\STAR_CU\startup_STAR.s

SecureFault_Handler 00000018

Symbol: SecureFault_Handler
   Definitions
      At line 126 in macro Set_Default_Handler
      at line 140 in file RTE\Device\STAR_CU\startup_STAR.s
   Uses
      At line 75 in file RTE\Device\STAR_CU\startup_STAR.s
      At line 127 in macro Set_Default_Handler
      at line 140 in file RTE\Device\STAR_CU\startup_STAR.s

SysTick_Handler 00000020

Symbol: SysTick_Handler
   Definitions
      At line 126 in macro Set_Default_Handler
      at line 144 in file RTE\Device\STAR_CU\startup_STAR.s
   Uses
      At line 83 in file RTE\Device\STAR_CU\startup_STAR.s
      At line 127 in macro Set_Default_Handler
      at line 144 in file RTE\Device\STAR_CU\startup_STAR.s

UsageFault_Handler 00000016

Symbol: UsageFault_Handler
   Definitions
      At line 126 in macro Set_Default_Handler
      at line 139 in file RTE\Device\STAR_CU\startup_STAR.s
   Uses
      At line 74 in file RTE\Device\STAR_CU\startup_STAR.s
      At line 127 in macro Set_Default_Handler
      at line 139 in file RTE\Device\STAR_CU\startup_STAR.s



ARM Macro Assembler    Page 5 Alphabetic symbol ordering
Relocatable symbols


22 symbols



ARM Macro Assembler    Page 1 Alphabetic symbol ordering
Absolute symbols

Heap_Size 00000C00

Symbol: Heap_Size
   Definitions
      At line 47 in file RTE\Device\STAR_CU\startup_STAR.s
   Uses
      At line 49 in file RTE\Device\STAR_CU\startup_STAR.s
      At line 52 in file RTE\Device\STAR_CU\startup_STAR.s
      At line 168 in file RTE\Device\STAR_CU\startup_STAR.s

Stack_Size 00000400

Symbol: Stack_Size
   Definitions
      At line 35 in file RTE\Device\STAR_CU\startup_STAR.s
   Uses
      At line 39 in file RTE\Device\STAR_CU\startup_STAR.s
Comment: Stack_Size used once
__Vectors_Size 000007C0

Symbol: __Vectors_Size
   Definitions
      At line 99 in file RTE\Device\STAR_CU\startup_STAR.s
   Uses
      At line 66 in file RTE\Device\STAR_CU\startup_STAR.s
Comment: __Vectors_Size used once
3 symbols



ARM Macro Assembler    Page 1 Alphabetic symbol ordering
External symbols

SystemInit 00000000

Symbol: SystemInit
   Definitions
      At line 108 in file RTE\Device\STAR_CU\startup_STAR.s
   Uses
      At line 114 in file RTE\Device\STAR_CU\startup_STAR.s
Comment: SystemInit used once
__main 00000000

Symbol: __main
   Definitions
      At line 109 in file RTE\Device\STAR_CU\startup_STAR.s
   Uses
      At line 116 in file RTE\Device\STAR_CU\startup_STAR.s
Comment: __main used once
__use_two_region_memory 00000000

Symbol: __use_two_region_memory
   Definitions
      At line 163 in file RTE\Device\STAR_CU\startup_STAR.s
   Uses
      None
Comment: __use_two_region_memory unused
3 symbols
377 symbols in table
